This is pdfTeX, Version 3.141592653-2.6-1.40.25 (TeX Live 2023/Arch Linux) (preloaded format=pdflatex 2023.10.30)  30 OCT 2023 16:43
entering extended mode
 restricted \write18 enabled.
 %&-line parsing enabled.
**main.tex
(./main.tex
LaTeX2e <2022-11-01> patch level 1
L3 programming layer <2023-02-22>
(/usr/share/texmf-dist/tex/latex/base/article.cls
Document Class: article 2022/07/02 v1.4n Standard LaTeX document class
(/usr/share/texmf-dist/tex/latex/base/size10.clo
File: size10.clo 2022/07/02 v1.4n Standard LaTeX file (size option)
)
\c@part=\count185
\c@section=\count186
\c@subsection=\count187
\c@subsubsection=\count188
\c@paragraph=\count189
\c@subparagraph=\count190
\c@figure=\count191
\c@table=\count192
\abovecaptionskip=\skip48
\belowcaptionskip=\skip49
\bibindent=\dimen140
) (./styles.sty
Package: styles 

(/usr/share/texmf-dist/tex/latex/base/inputenc.sty
Package: inputenc 2021/02/14 v1.3d Input encoding file
\inpenc@prehook=\toks16
\inpenc@posthook=\toks17
)
(/usr/share/texmf-dist/tex/latex/base/fontenc.sty
Package: fontenc 2021/04/29 v2.0v Standard LaTeX package

(/usr/share/texmf-dist/tex/latex/cyrillic/t2aenc.def
File: t2aenc.def 2022/06/11 v1.0j Cyrillic encoding definition file
Now handling font encoding T2A ...
... processing UTF-8 mapping file for font encoding T2A

(/usr/share/texmf-dist/tex/latex/base/t2aenc.dfu
File: t2aenc.dfu 2022/06/07 v1.3c UTF-8 support
   defining Unicode char U+00A4 (decimal 164)
   defining Unicode char U+00A7 (decimal 167)
   defining Unicode char U+00AB (decimal 171)
   defining Unicode char U+00BB (decimal 187)
   defining Unicode char U+0131 (decimal 305)
   defining Unicode char U+0237 (decimal 567)
   defining Unicode char U+0400 (decimal 1024)
   defining Unicode char U+0401 (decimal 1025)
   defining Unicode char U+0402 (decimal 1026)
   defining Unicode char U+0403 (decimal 1027)
   defining Unicode char U+0404 (decimal 1028)
   defining Unicode char U+0405 (decimal 1029)
   defining Unicode char U+0406 (decimal 1030)
   defining Unicode char U+0407 (decimal 1031)
   defining Unicode char U+0408 (decimal 1032)
   defining Unicode char U+0409 (decimal 1033)
   defining Unicode char U+040A (decimal 1034)
   defining Unicode char U+040B (decimal 1035)
   defining Unicode char U+040C (decimal 1036)
   defining Unicode char U+040D (decimal 1037)
   defining Unicode char U+040E (decimal 1038)
   defining Unicode char U+040F (decimal 1039)
   defining Unicode char U+0410 (decimal 1040)
   defining Unicode char U+0411 (decimal 1041)
   defining Unicode char U+0412 (decimal 1042)
   defining Unicode char U+0413 (decimal 1043)
   defining Unicode char U+0414 (decimal 1044)
   defining Unicode char U+0415 (decimal 1045)
   defining Unicode char U+0416 (decimal 1046)
   defining Unicode char U+0417 (decimal 1047)
   defining Unicode char U+0418 (decimal 1048)
   defining Unicode char U+0419 (decimal 1049)
   defining Unicode char U+041A (decimal 1050)
   defining Unicode char U+041B (decimal 1051)
   defining Unicode char U+041C (decimal 1052)
   defining Unicode char U+041D (decimal 1053)
   defining Unicode char U+041E (decimal 1054)
   defining Unicode char U+041F (decimal 1055)
   defining Unicode char U+0420 (decimal 1056)
   defining Unicode char U+0421 (decimal 1057)
   defining Unicode char U+0422 (decimal 1058)
   defining Unicode char U+0423 (decimal 1059)
   defining Unicode char U+0424 (decimal 1060)
   defining Unicode char U+0425 (decimal 1061)
   defining Unicode char U+0426 (decimal 1062)
   defining Unicode char U+0427 (decimal 1063)
   defining Unicode char U+0428 (decimal 1064)
   defining Unicode char U+0429 (decimal 1065)
   defining Unicode char U+042A (decimal 1066)
   defining Unicode char U+042B (decimal 1067)
   defining Unicode char U+042C (decimal 1068)
   defining Unicode char U+042D (decimal 1069)
   defining Unicode char U+042E (decimal 1070)
   defining Unicode char U+042F (decimal 1071)
   defining Unicode char U+0430 (decimal 1072)
   defining Unicode char U+0431 (decimal 1073)
   defining Unicode char U+0432 (decimal 1074)
   defining Unicode char U+0433 (decimal 1075)
   defining Unicode char U+0434 (decimal 1076)
   defining Unicode char U+0435 (decimal 1077)
   defining Unicode char U+0436 (decimal 1078)
   defining Unicode char U+0437 (decimal 1079)
   defining Unicode char U+0438 (decimal 1080)
   defining Unicode char U+0439 (decimal 1081)
   defining Unicode char U+043A (decimal 1082)
   defining Unicode char U+043B (decimal 1083)
   defining Unicode char U+043C (decimal 1084)
   defining Unicode char U+043D (decimal 1085)
   defining Unicode char U+043E (decimal 1086)
   defining Unicode char U+043F (decimal 1087)
   defining Unicode char U+0440 (decimal 1088)
   defining Unicode char U+0441 (decimal 1089)
   defining Unicode char U+0442 (decimal 1090)
   defining Unicode char U+0443 (decimal 1091)
   defining Unicode char U+0444 (decimal 1092)
   defining Unicode char U+0445 (decimal 1093)
   defining Unicode char U+0446 (decimal 1094)
   defining Unicode char U+0447 (decimal 1095)
   defining Unicode char U+0448 (decimal 1096)
   defining Unicode char U+0449 (decimal 1097)
   defining Unicode char U+044A (decimal 1098)
   defining Unicode char U+044B (decimal 1099)
   defining Unicode char U+044C (decimal 1100)
   defining Unicode char U+044D (decimal 1101)
   defining Unicode char U+044E (decimal 1102)
   defining Unicode char U+044F (decimal 1103)
   defining Unicode char U+0450 (decimal 1104)
   defining Unicode char U+0451 (decimal 1105)
   defining Unicode char U+0452 (decimal 1106)
   defining Unicode char U+0453 (decimal 1107)
   defining Unicode char U+0454 (decimal 1108)
   defining Unicode char U+0455 (decimal 1109)
   defining Unicode char U+0456 (decimal 1110)
   defining Unicode char U+0457 (decimal 1111)
   defining Unicode char U+0458 (decimal 1112)
   defining Unicode char U+0459 (decimal 1113)
   defining Unicode char U+045A (decimal 1114)
   defining Unicode char U+045B (decimal 1115)
   defining Unicode char U+045C (decimal 1116)
   defining Unicode char U+045D (decimal 1117)
   defining Unicode char U+045E (decimal 1118)
   defining Unicode char U+045F (decimal 1119)
   defining Unicode char U+0490 (decimal 1168)
   defining Unicode char U+0491 (decimal 1169)
   defining Unicode char U+0492 (decimal 1170)
   defining Unicode char U+0493 (decimal 1171)
   defining Unicode char U+0496 (decimal 1174)
   defining Unicode char U+0497 (decimal 1175)
   defining Unicode char U+0498 (decimal 1176)
   defining Unicode char U+0499 (decimal 1177)
   defining Unicode char U+049A (decimal 1178)
   defining Unicode char U+049B (decimal 1179)
   defining Unicode char U+049C (decimal 1180)
   defining Unicode char U+049D (decimal 1181)
   defining Unicode char U+04A0 (decimal 1184)
   defining Unicode char U+04A1 (decimal 1185)
   defining Unicode char U+04A2 (decimal 1186)
   defining Unicode char U+04A3 (decimal 1187)
   defining Unicode char U+04A4 (decimal 1188)
   defining Unicode char U+04A5 (decimal 1189)
   defining Unicode char U+04AA (decimal 1194)
   defining Unicode char U+04AB (decimal 1195)
   defining Unicode char U+04AE (decimal 1198)
   defining Unicode char U+04AF (decimal 1199)
   defining Unicode char U+04B0 (decimal 1200)
   defining Unicode char U+04B1 (decimal 1201)
   defining Unicode char U+04B2 (decimal 1202)
   defining Unicode char U+04B3 (decimal 1203)
   defining Unicode char U+04B6 (decimal 1206)
   defining Unicode char U+04B7 (decimal 1207)
   defining Unicode char U+04B8 (decimal 1208)
   defining Unicode char U+04B9 (decimal 1209)
   defining Unicode char U+04BA (decimal 1210)
   defining Unicode char U+04BB (decimal 1211)
   defining Unicode char U+04C0 (decimal 1216)
   defining Unicode char U+04C1 (decimal 1217)
   defining Unicode char U+04C2 (decimal 1218)
   defining Unicode char U+04D0 (decimal 1232)
   defining Unicode char U+04D1 (decimal 1233)
   defining Unicode char U+04D2 (decimal 1234)
   defining Unicode char U+04D3 (decimal 1235)
   defining Unicode char U+04D4 (decimal 1236)
   defining Unicode char U+04D5 (decimal 1237)
   defining Unicode char U+04D6 (decimal 1238)
   defining Unicode char U+04D7 (decimal 1239)
   defining Unicode char U+04D8 (decimal 1240)
   defining Unicode char U+04D9 (decimal 1241)
   defining Unicode char U+04DA (decimal 1242)
   defining Unicode char U+04DB (decimal 1243)
   defining Unicode char U+04DC (decimal 1244)
   defining Unicode char U+04DD (decimal 1245)
   defining Unicode char U+04DE (decimal 1246)
   defining Unicode char U+04DF (decimal 1247)
   defining Unicode char U+04E2 (decimal 1250)
   defining Unicode char U+04E3 (decimal 1251)
   defining Unicode char U+04E4 (decimal 1252)
   defining Unicode char U+04E5 (decimal 1253)
   defining Unicode char U+04E6 (decimal 1254)
   defining Unicode char U+04E7 (decimal 1255)
   defining Unicode char U+04E8 (decimal 1256)
   defining Unicode char U+04E9 (decimal 1257)
   defining Unicode char U+04EC (decimal 1260)
   defining Unicode char U+04ED (decimal 1261)
   defining Unicode char U+04EE (decimal 1262)
   defining Unicode char U+04EF (decimal 1263)
   defining Unicode char U+04F0 (decimal 1264)
   defining Unicode char U+04F1 (decimal 1265)
   defining Unicode char U+04F2 (decimal 1266)
   defining Unicode char U+04F3 (decimal 1267)
   defining Unicode char U+04F4 (decimal 1268)
   defining Unicode char U+04F5 (decimal 1269)
   defining Unicode char U+04F8 (decimal 1272)
   defining Unicode char U+04F9 (decimal 1273)
   defining Unicode char U+200C (decimal 8204)
   defining Unicode char U+2013 (decimal 8211)
   defining Unicode char U+2014 (decimal 8212)
   defining Unicode char U+2018 (decimal 8216)
   defining Unicode char U+2019 (decimal 8217)
   defining Unicode char U+201C (decimal 8220)
   defining Unicode char U+201D (decimal 8221)
   defining Unicode char U+201E (decimal 8222)
   defining Unicode char U+2030 (decimal 8240)
   defining Unicode char U+2031 (decimal 8241)
   defining Unicode char U+2116 (decimal 8470)
   defining Unicode char U+2329 (decimal 9001)
   defining Unicode char U+3008 (decimal 12296)
   defining Unicode char U+232A (decimal 9002)
   defining Unicode char U+3009 (decimal 12297)
   defining Unicode char U+2423 (decimal 9251)
   defining Unicode char U+27E8 (decimal 10216)
   defining Unicode char U+27E9 (decimal 10217)
   defining Unicode char U+FB00 (decimal 64256)
   defining Unicode char U+FB01 (decimal 64257)
   defining Unicode char U+FB02 (decimal 64258)
   defining Unicode char U+FB03 (decimal 64259)
   defining Unicode char U+FB04 (decimal 64260)
   defining Unicode char U+FB05 (decimal 64261)
   defining Unicode char U+FB06 (decimal 64262)
))
LaTeX Font Info:    Trying to load font information for T2A+cmr on input line 1
12.

(/usr/share/texmf-dist/tex/latex/cyrillic/t2acmr.fd
File: t2acmr.fd 2001/08/11 v1.0a Computer Modern Cyrillic font definitions
))
(/usr/share/texmf-dist/tex/generic/babel/babel.sty
Package: babel 2023/02/13 3.86 The Babel package
\babel@savecnt=\count193
\U@D=\dimen141
\l@unhyphenated=\language3

(/usr/share/texmf-dist/tex/generic/babel/txtbabel.def)
\bbl@readstream=\read2
\bbl@dirlevel=\count194

(/usr/share/texmf-dist/tex/generic/babel-english/english.ldf
Language: english 2017/06/06 v3.3r English support from the babel system
Package babel Info: Hyphen rules for 'british' set to \l@english
(babel)             (\language0). Reported on input line 82.
Package babel Info: Hyphen rules for 'UKenglish' set to \l@english
(babel)             (\language0). Reported on input line 83.
Package babel Info: Hyphen rules for 'canadian' set to \l@english
(babel)             (\language0). Reported on input line 102.
Package babel Info: Hyphen rules for 'australian' set to \l@english
(babel)             (\language0). Reported on input line 105.
Package babel Info: Hyphen rules for 'newzealand' set to \l@english
(babel)             (\language0). Reported on input line 108.
)
(/usr/share/texmf-dist/tex/generic/babel-russian/russianb.ldf
File: russianb.ldf 2021/01/10 1.3m Russian support for the Babel system
Language: russian 2020/09/09 1.3k Russian support for the Babel system


Package babel Warning: No hyphenation patterns were preloaded for
(babel)                the language 'Russian' into the format.
(babel)                Please, configure your TeX system to add them and
(babel)                rebuild the format. Now I will use the patterns
(babel)                preloaded for \language=0 instead on input line 32.

Package babel Info: Hyphen rules for 'russian' set to \l@english
(babel)             (\language0). Reported on input line 33.
Package babel Info: Making " an active character on input line 124.
Package babel Info: Default for \cyrdash is provided on input line 163.
)) (/usr/share/texmf-dist/tex/generic/babel/locale/ru/babel-russian.tex
Package babel Info: Importing font and identification data for russian
(babel)             from babel-ru.ini. Reported on input line 11.
)
(/usr/share/texmf-dist/tex/generic/babel/locale/en/babel-english.tex
Package babel Info: Importing font and identification data for english
(babel)             from babel-en.ini. Reported on input line 11.
)
(/usr/share/texmf-dist/tex/latex/amsmath/amsmath.sty
Package: amsmath 2022/04/08 v2.17n AMS math features
\@mathmargin=\skip50

For additional information on amsmath, use the `?' option.
(/usr/share/texmf-dist/tex/latex/amsmath/amstext.sty
Package: amstext 2021/08/26 v2.01 AMS text

(/usr/share/texmf-dist/tex/latex/amsmath/amsgen.sty
File: amsgen.sty 1999/11/30 v2.0 generic functions
\@emptytoks=\toks18
\ex@=\dimen142
))
(/usr/share/texmf-dist/tex/latex/amsmath/amsbsy.sty
Package: amsbsy 1999/11/29 v1.2d Bold Symbols
\pmbraise@=\dimen143
)
(/usr/share/texmf-dist/tex/latex/amsmath/amsopn.sty
Package: amsopn 2022/04/08 v2.04 operator names
)
\inf@bad=\count195
LaTeX Info: Redefining \frac on input line 234.
\uproot@=\count196
\leftroot@=\count197
LaTeX Info: Redefining \overline on input line 399.
LaTeX Info: Redefining \colon on input line 410.
\classnum@=\count198
\DOTSCASE@=\count199
LaTeX Info: Redefining \ldots on input line 496.
LaTeX Info: Redefining \dots on input line 499.
LaTeX Info: Redefining \cdots on input line 620.
\Mathstrutbox@=\box51
\strutbox@=\box52
LaTeX Info: Redefining \big on input line 722.
LaTeX Info: Redefining \Big on input line 723.
LaTeX Info: Redefining \bigg on input line 724.
LaTeX Info: Redefining \Bigg on input line 725.
\big@size=\dimen144
LaTeX Font Info:    Redeclaring font encoding OML on input line 743.
LaTeX Font Info:    Redeclaring font encoding OMS on input line 744.
\macc@depth=\count266
LaTeX Info: Redefining \bmod on input line 905.
LaTeX Info: Redefining \pmod on input line 910.
LaTeX Info: Redefining \smash on input line 940.
LaTeX Info: Redefining \relbar on input line 970.
LaTeX Info: Redefining \Relbar on input line 971.
\c@MaxMatrixCols=\count267
\dotsspace@=\muskip16
\c@parentequation=\count268
\dspbrk@lvl=\count269
\tag@help=\toks19
\row@=\count270
\column@=\count271
\maxfields@=\count272
\andhelp@=\toks20
\eqnshift@=\dimen145
\alignsep@=\dimen146
\tagshift@=\dimen147
\tagwidth@=\dimen148
\totwidth@=\dimen149
\lineht@=\dimen150
\@envbody=\toks21
\multlinegap=\skip51
\multlinetaggap=\skip52
\mathdisplay@stack=\toks22
LaTeX Info: Redefining \[ on input line 2953.
LaTeX Info: Redefining \] on input line 2954.
)
(/usr/share/texmf-dist/tex/latex/amsfonts/amsfonts.sty
Package: amsfonts 2013/01/14 v3.01 Basic AMSFonts support
\symAMSa=\mathgroup4
\symAMSb=\mathgroup5
LaTeX Font Info:    Redeclaring math symbol \hbar on input line 98.
LaTeX Font Info:    Overwriting math alphabet `\mathfrak' in version `bold'
(Font)                  U/euf/m/n --> U/euf/b/n on input line 106.
)
(/usr/share/texmf-dist/tex/latex/amsfonts/amssymb.sty
Package: amssymb 2013/01/14 v3.01 AMS font symbols
)
(/usr/share/texmf-dist/tex/latex/amscls/amsthm.sty
Package: amsthm 2020/05/29 v2.20.6
\thm@style=\toks23
\thm@bodyfont=\toks24
\thm@headfont=\toks25
\thm@notefont=\toks26
\thm@headpunct=\toks27
\thm@preskip=\skip53
\thm@postskip=\skip54
\thm@headsep=\skip55
\dth@everypar=\toks28
)
(/usr/share/texmf-dist/tex/latex/geometry/geometry.sty
Package: geometry 2020/01/02 v5.9 Page Geometry

(/usr/share/texmf-dist/tex/latex/graphics/keyval.sty
Package: keyval 2022/05/29 v1.15 key=value parser (DPC)
\KV@toks@=\toks29
)
(/usr/share/texmf-dist/tex/generic/iftex/ifvtex.sty
Package: ifvtex 2019/10/25 v1.7 ifvtex legacy package. Use iftex instead.

(/usr/share/texmf-dist/tex/generic/iftex/iftex.sty
Package: iftex 2022/02/03 v1.0f TeX engine tests
))
\Gm@cnth=\count273
\Gm@cntv=\count274
\c@Gm@tempcnt=\count275
\Gm@bindingoffset=\dimen151
\Gm@wd@mp=\dimen152
\Gm@odd@mp=\dimen153
\Gm@even@mp=\dimen154
\Gm@layoutwidth=\dimen155
\Gm@layoutheight=\dimen156
\Gm@layouthoffset=\dimen157
\Gm@layoutvoffset=\dimen158
\Gm@dimlist=\toks30
)
(/usr/share/texmf-dist/tex/latex/graphics/graphicx.sty
Package: graphicx 2021/09/16 v1.2d Enhanced LaTeX Graphics (DPC,SPQR)

(/usr/share/texmf-dist/tex/latex/graphics/graphics.sty
Package: graphics 2022/03/10 v1.4e Standard LaTeX Graphics (DPC,SPQR)

(/usr/share/texmf-dist/tex/latex/graphics/trig.sty
Package: trig 2021/08/11 v1.11 sin cos tan (DPC)
)
(/usr/share/texmf-dist/tex/latex/graphics-cfg/graphics.cfg
File: graphics.cfg 2016/06/04 v1.11 sample graphics configuration
)
Package graphics Info: Driver file: pdftex.def on input line 107.

(/usr/share/texmf-dist/tex/latex/graphics-def/pdftex.def
File: pdftex.def 2022/09/22 v1.2b Graphics/color driver for pdftex
))
\Gin@req@height=\dimen159
\Gin@req@width=\dimen160
)
(/usr/share/texmf-dist/tex/latex/hyperref/hyperref.sty
Package: hyperref 2023-02-07 v7.00v Hypertext links for LaTeX

(/usr/share/texmf-dist/tex/generic/ltxcmds/ltxcmds.sty
Package: ltxcmds 2020-05-10 v1.25 LaTeX kernel commands for general use (HO)
)
(/usr/share/texmf-dist/tex/generic/pdftexcmds/pdftexcmds.sty
Package: pdftexcmds 2020-06-27 v0.33 Utility functions of pdfTeX for LuaTeX (HO
)

(/usr/share/texmf-dist/tex/generic/infwarerr/infwarerr.sty
Package: infwarerr 2019/12/03 v1.5 Providing info/warning/error messages (HO)
)
Package pdftexcmds Info: \pdf@primitive is available.
Package pdftexcmds Info: \pdf@ifprimitive is available.
Package pdftexcmds Info: \pdfdraftmode found.
)
(/usr/share/texmf-dist/tex/latex/kvsetkeys/kvsetkeys.sty
Package: kvsetkeys 2022-10-05 v1.19 Key value parser (HO)
)
(/usr/share/texmf-dist/tex/generic/kvdefinekeys/kvdefinekeys.sty
Package: kvdefinekeys 2019-12-19 v1.6 Define keys (HO)
)
(/usr/share/texmf-dist/tex/generic/pdfescape/pdfescape.sty
Package: pdfescape 2019/12/09 v1.15 Implements pdfTeX's escape features (HO)
)
(/usr/share/texmf-dist/tex/latex/hycolor/hycolor.sty
Package: hycolor 2020-01-27 v1.10 Color options for hyperref/bookmark (HO)
)
(/usr/share/texmf-dist/tex/latex/letltxmacro/letltxmacro.sty
Package: letltxmacro 2019/12/03 v1.6 Let assignment for LaTeX macros (HO)
)
(/usr/share/texmf-dist/tex/latex/auxhook/auxhook.sty
Package: auxhook 2019-12-17 v1.6 Hooks for auxiliary files (HO)
)
(/usr/share/texmf-dist/tex/latex/hyperref/nameref.sty
Package: nameref 2022-05-17 v2.50 Cross-referencing by name of section

(/usr/share/texmf-dist/tex/latex/refcount/refcount.sty
Package: refcount 2019/12/15 v3.6 Data extraction from label references (HO)
)
(/usr/share/texmf-dist/tex/generic/gettitlestring/gettitlestring.sty
Package: gettitlestring 2019/12/15 v1.6 Cleanup title references (HO)

(/usr/share/texmf-dist/tex/latex/kvoptions/kvoptions.sty
Package: kvoptions 2022-06-15 v3.15 Key value format for package options (HO)
))
\c@section@level=\count276
)
\@linkdim=\dimen161
\Hy@linkcounter=\count277
\Hy@pagecounter=\count278

(/usr/share/texmf-dist/tex/latex/hyperref/pd1enc.def
File: pd1enc.def 2023-02-07 v7.00v Hyperref: PDFDocEncoding definition (HO)
Now handling font encoding PD1 ...
... no UTF-8 mapping file for font encoding PD1
)
(/usr/share/texmf-dist/tex/generic/intcalc/intcalc.sty
Package: intcalc 2019/12/15 v1.3 Expandable calculations with integers (HO)
)
(/usr/share/texmf-dist/tex/generic/etexcmds/etexcmds.sty
Package: etexcmds 2019/12/15 v1.7 Avoid name clashes with e-TeX commands (HO)
)
\Hy@SavedSpaceFactor=\count279

(/usr/share/texmf-dist/tex/latex/hyperref/puenc.def
File: puenc.def 2023-02-07 v7.00v Hyperref: PDF Unicode definition (HO)
Now handling font encoding PU ...
... no UTF-8 mapping file for font encoding PU
)
Package hyperref Info: Option `unicode' set `true' on input line 3164.
Package hyperref Info: Hyper figures OFF on input line 4177.
Package hyperref Info: Link nesting OFF on input line 4182.
Package hyperref Info: Hyper index ON on input line 4185.
Package hyperref Info: Plain pages OFF on input line 4192.
Package hyperref Info: Backreferencing OFF on input line 4197.
Package hyperref Info: Implicit mode ON; LaTeX internals redefined.
Package hyperref Info: Bookmarks ON on input line 4425.
\c@Hy@tempcnt=\count280

(/usr/share/texmf-dist/tex/latex/url/url.sty
\Urlmuskip=\muskip17
Package: url 2013/09/16  ver 3.4  Verb mode for urls, etc.
)
LaTeX Info: Redefining \url on input line 4763.
\XeTeXLinkMargin=\dimen162

(/usr/share/texmf-dist/tex/generic/bitset/bitset.sty
Package: bitset 2019/12/09 v1.3 Handle bit-vector datatype (HO)

(/usr/share/texmf-dist/tex/generic/bigintcalc/bigintcalc.sty
Package: bigintcalc 2019/12/15 v1.5 Expandable calculations on big integers (HO
)
))
\Fld@menulength=\count281
\Field@Width=\dimen163
\Fld@charsize=\dimen164
Package hyperref Info: Hyper figures OFF on input line 6042.
Package hyperref Info: Link nesting OFF on input line 6047.
Package hyperref Info: Hyper index ON on input line 6050.
Package hyperref Info: backreferencing OFF on input line 6057.
Package hyperref Info: Link coloring OFF on input line 6062.
Package hyperref Info: Link coloring with OCG OFF on input line 6067.
Package hyperref Info: PDF/A mode OFF on input line 6072.

(/usr/share/texmf-dist/tex/latex/base/atbegshi-ltx.sty
Package: atbegshi-ltx 2021/01/10 v1.0c Emulation of the original atbegshi
package with kernel methods
)
\Hy@abspage=\count282
\c@Item=\count283
\c@Hfootnote=\count284
)
Package hyperref Info: Driver (autodetected): hpdftex.

(/usr/share/texmf-dist/tex/latex/hyperref/hpdftex.def
File: hpdftex.def 2023-02-07 v7.00v Hyperref driver for pdfTeX

(/usr/share/texmf-dist/tex/latex/base/atveryend-ltx.sty
Package: atveryend-ltx 2020/08/19 v1.0a Emulation of the original atveryend pac
kage
with kernel methods
)
\Fld@listcount=\count285
\c@bookmark@seq@number=\count286

(/usr/share/texmf-dist/tex/latex/rerunfilecheck/rerunfilecheck.sty
Package: rerunfilecheck 2022-07-10 v1.10 Rerun checks for auxiliary files (HO)

(/usr/share/texmf-dist/tex/generic/uniquecounter/uniquecounter.sty
Package: uniquecounter 2019/12/15 v1.4 Provide unlimited unique counter (HO)
)
Package uniquecounter Info: New unique counter `rerunfilecheck' on input line 2
85.
)
\Hy@SectionHShift=\skip56
)
(/usr/share/texmf-dist/tex/latex/fancyhdr/fancyhdr.sty
Package: fancyhdr 2022/11/09 v4.1 Extensive control of page headers and footers

\f@nch@headwidth=\skip57
\f@nch@O@elh=\skip58
\f@nch@O@erh=\skip59
\f@nch@O@olh=\skip60
\f@nch@O@orh=\skip61
\f@nch@O@elf=\skip62
\f@nch@O@erf=\skip63
\f@nch@O@olf=\skip64
\f@nch@O@orf=\skip65
)
(/usr/share/texmf-dist/tex/latex/import/import.sty
Package: import 2020/04/01  v 6.2
)
(/usr/share/texmf-dist/tex/latex/theoremref/theoremref.sty
Package: theoremref 2013/05/22 References with automatic theorem names
\thmref@num=\count287
)
(/usr/share/texmf-dist/tex/latex/xcolor/xcolor.sty
Package: xcolor 2022/06/12 v2.14 LaTeX color extensions (UK)

(/usr/share/texmf-dist/tex/latex/graphics-cfg/color.cfg
File: color.cfg 2016/01/02 v1.6 sample color configuration
)
Package xcolor Info: Driver file: pdftex.def on input line 227.

(/usr/share/texmf-dist/tex/latex/graphics/mathcolor.ltx)
Package xcolor Info: Model `cmy' substituted by `cmy0' on input line 1353.
Package xcolor Info: Model `hsb' substituted by `rgb' on input line 1357.
Package xcolor Info: Model `RGB' extended on input line 1369.
Package xcolor Info: Model `HTML' substituted by `rgb' on input line 1371.
Package xcolor Info: Model `Hsb' substituted by `hsb' on input line 1372.
Package xcolor Info: Model `tHsb' substituted by `hsb' on input line 1373.
Package xcolor Info: Model `HSB' substituted by `hsb' on input line 1374.
Package xcolor Info: Model `Gray' substituted by `gray' on input line 1375.
Package xcolor Info: Model `wave' substituted by `hsb' on input line 1376.

(/usr/share/texmf-dist/tex/latex/graphics/dvipsnam.def
File: dvipsnam.def 2016/06/17 v3.0m Driver-dependent file (DPC,SPQR)
))
*geometry* verbose mode - [ newgeometry ] result:
* driver: 
* paper: a5paper
* layout: <same size as paper>
* layoutoffset:(h,v)=(0.0pt,0.0pt)
* modes: twoside 
* h-part:(L,W,R)=(56.9055pt, 307.28978pt, 56.9055pt)
* v-part:(T,H,B)=(71.13188pt, 469.47049pt, 56.9055pt)
* \paperwidth=421.10078pt
* \paperheight=597.50787pt
* \textwidth=307.28978pt
* \textheight=469.47049pt
* \oddsidemargin=-15.36449pt
* \evensidemargin=-15.36449pt
* \topmargin=-38.1381pt
* \headheight=12.0pt
* \headsep=25.0pt
* \topskip=10.0pt
* \footskip=30.0pt
* \marginparwidth=47.0pt
* \marginparsep=11.0pt
* \columnsep=10.0pt
* \skip\footins=9.0pt plus 4.0pt minus 2.0pt
* \hoffset=0.0pt
* \voffset=0.0pt
* \mag=1000
* \@twocolumnfalse
* \@twosidetrue
* \@mparswitchtrue
* \@reversemarginfalse
* (1in=72.27pt=25.4mm, 1cm=28.453pt)

Package hyperref Info: Option `colorlinks' set `true' on input line 24.

(/usr/share/texmf/tex/latex/asymptote/asymptote.sty
Package: asymptote 2021/12/29 v1.37 Asymptote style file for LaTeX
 (./main.pre
(./asy/main-1.pre) (./asy/main-2.pre) (./asy/main-3.pre) (./asy/main-4.pre)
(./asy/main-5.pre) (./asy/main-6.pre) (./asy/main-7.pre) (./asy/main-8.pre)
(./asy/main-9.pre) (./asy/main-10.pre) (./asy/main-11.pre) (./asy/main-12.pre)
(./asy/main-13.pre) (./asy/main-14.pre))
\ASYbox=\box53
\ASYdimen=\dimen165
\c@asy=\count288
\AsyStream=\write3
\AsyPreStream=\write4

(/usr/share/texmf-dist/tex/latex/base/ifthen.sty
Package: ifthen 2022/04/13 v1.1d Standard LaTeX ifthen package (DPC)
)
(/usr/share/texmf-dist/tex/generic/iftex/ifpdf.sty
Package: ifpdf 2019/10/25 v3.4 ifpdf legacy package. Use iftex instead.
)
(/usr/share/texmf-dist/tex/generic/iftex/ifxetex.sty
Package: ifxetex 2019/10/25 v0.7 ifxetex legacy package. Use iftex instead.
)
(/usr/share/texmf-dist/tex/generic/catchfile/catchfile.sty
Package: catchfile 2019/12/09 v1.8 Catch the contents of a file (HO)
)
\openout4 = `main.pre'.

)
\c@theorem=\count289
\c@corollary=\count290
\c@definition=\count291
)
(/usr/share/texmf-dist/tex/latex/l3backend/l3backend-pdftex.def
File: l3backend-pdftex.def 2023-01-16 L3 backend support: PDF output (pdfTeX)
\l__color_backend_stack_int=\count292
\l__pdf_internal_box=\box54
) (./main.aux)
\openout1 = `main.aux'.

LaTeX Font Info:    Checking defaults for OML/cmm/m/it on input line 4.
LaTeX Font Info:    ... okay on input line 4.
LaTeX Font Info:    Checking defaults for OMS/cmsy/m/n on input line 4.
LaTeX Font Info:    ... okay on input line 4.
LaTeX Font Info:    Checking defaults for OT1/cmr/m/n on input line 4.
LaTeX Font Info:    ... okay on input line 4.
LaTeX Font Info:    Checking defaults for T1/cmr/m/n on input line 4.
LaTeX Font Info:    ... okay on input line 4.
LaTeX Font Info:    Checking defaults for TS1/cmr/m/n on input line 4.
LaTeX Font Info:    ... okay on input line 4.
LaTeX Font Info:    Checking defaults for OMX/cmex/m/n on input line 4.
LaTeX Font Info:    ... okay on input line 4.
LaTeX Font Info:    Checking defaults for U/cmr/m/n on input line 4.
LaTeX Font Info:    ... okay on input line 4.
LaTeX Font Info:    Checking defaults for T2A/cmr/m/n on input line 4.
LaTeX Font Info:    ... okay on input line 4.
LaTeX Font Info:    Checking defaults for PD1/pdf/m/n on input line 4.
LaTeX Font Info:    ... okay on input line 4.
LaTeX Font Info:    Checking defaults for PU/pdf/m/n on input line 4.
LaTeX Font Info:    ... okay on input line 4.
LaTeX Info: Redefining \th on input line 4.

*geometry* driver: auto-detecting
*geometry* detected driver: pdftex
*geometry* verbose mode - [ preamble ] result:
* driver: pdftex
* paper: a5paper
* layout: <same size as paper>
* layoutoffset:(h,v)=(0.0pt,0.0pt)
* modes: twoside 
* h-part:(L,W,R)=(56.9055pt, 307.28978pt, 56.9055pt)
* v-part:(T,H,B)=(71.13188pt, 469.47049pt, 56.9055pt)
* \paperwidth=421.10078pt
* \paperheight=597.50787pt
* \textwidth=307.28978pt
* \textheight=469.47049pt
* \oddsidemargin=-15.36449pt
* \evensidemargin=-15.36449pt
* \topmargin=-38.1381pt
* \headheight=12.0pt
* \headsep=25.0pt
* \topskip=10.0pt
* \footskip=30.0pt
* \marginparwidth=47.0pt
* \marginparsep=11.0pt
* \columnsep=10.0pt
* \skip\footins=9.0pt plus 4.0pt minus 2.0pt
* \hoffset=0.0pt
* \voffset=0.0pt
* \mag=1000
* \@twocolumnfalse
* \@twosidetrue
* \@mparswitchtrue
* \@reversemarginfalse
* (1in=72.27pt=25.4mm, 1cm=28.453pt)

(/usr/share/texmf-dist/tex/context/base/mkii/supp-pdf.mkii
[Loading MPS to PDF converter (version 2006.09.02).]
\scratchcounter=\count293
\scratchdimen=\dimen166
\scratchbox=\box55
\nofMPsegments=\count294
\nofMParguments=\count295
\everyMPshowfont=\toks31
\MPscratchCnt=\count296
\MPscratchDim=\dimen167
\MPnumerator=\count297
\makeMPintoPDFobject=\count298
\everyMPtoPDFconversion=\toks32
) (/usr/share/texmf-dist/tex/latex/epstopdf-pkg/epstopdf-base.sty
Package: epstopdf-base 2020-01-24 v2.11 Base part for package epstopdf
Package epstopdf-base Info: Redefining graphics rule for `.eps' on input line 4
85.

(/usr/share/texmf-dist/tex/latex/latexconfig/epstopdf-sys.cfg
File: epstopdf-sys.cfg 2010/07/13 v1.3 Configuration of (r)epstopdf for TeX Liv
e
))
Package hyperref Info: Link coloring ON on input line 4.
 (./main.out)
(./main.out)
\@outlinefile=\write5
\openout5 = `main.out'.

 (././titlepage.tex
LaTeX Font Info:    Trying to load font information for T2A+cmtt on input line 
13.

(/usr/share/texmf-dist/tex/latex/cyrillic/t2acmtt.fd
File: t2acmtt.fd 2001/08/11 v1.0a Computer Modern Cyrillic font definitions
)
\openout3 = `asy/main-1.asy'.

 (./asy/main-1.tex
<./asy/main-1_0.pdf, id=61, 324.3618pt x 214.78242pt>
File: ./asy/main-1_0.pdf Graphic file (type pdf)
<use ./asy/main-1_0.pdf>
Package pdftex.def Info: ./asy/main-1_0.pdf  used on input line 9.
(pdftex.def)             Requested size: 324.36101pt x 214.78189pt.
)
Overfull \hbox (17.07123pt too wide) in paragraph at lines 9--75
 [][][] 
 []

[1


{/var/lib/texmf/fonts/map/pdftex/updmap/pdftex.map}{/usr/share/texmf-dist/fonts
/enc/dvips/cm-super/cm-super-t2a.enc} <./asy/main-1_0.pdf>])
(././abstract.tex
Overfull \hbox (2.30305pt too wide) in paragraph at lines 2--3
[]\T2A/cmr/m/n/9 Çŕäŕ÷č íŕ äîęŕçŕňĺëüńňâî ďĺđďĺíäčęóë˙đíîńňč -- ýňî î÷ĺíü
 []


Overfull \hbox (12.4545pt too wide) in paragraph at lines 2--3
\T2A/cmr/m/n/9 ÷ŕńňî ˙âëĺíčĺ. Ďîýňîěó íŕ ýňîě ôŕęóëüňŕňčâĺ ěű áóäĺě ó÷čňüń˙
 []


Overfull \hbox (22.47029pt too wide) in paragraph at lines 2--3
\T2A/cmr/m/n/9 Ńčěńîíŕ, ëĺěěŕ 255, äčŕăîíŕëč ÷ĺňűđĺőóăîëüíčęŕ č îđňîëîăč÷íűĺ
 []


Overfull \hbox (12.83752pt too wide) in paragraph at lines 2--3
\T2A/cmr/m/n/9 ňđĺóăîëüíčęč. ×ňîáű ďîí˙ňü ęŕćäóţ ňĺěó, íóćíî ëčřü âëŕäĺňü
 []


Overfull \hbox (11.42947pt too wide) in paragraph at lines 2--3
\T2A/cmr/m/n/9 çíŕíč˙ěč î âďčńŕííűő ÷ĺňűđĺőóăîëüíčęŕő, ň.ĺ. ďîńëĺ îęîí÷ŕíč˙
 []


Overfull \hbox (12.45073pt too wide) in paragraph at lines 2--3
\T2A/cmr/m/n/9 âîńüěîăî ęëŕńńŕ âű ńěîćĺňĺ ďîí˙ňü äŕííűé ěŕňĺđčŕë. Â ęŕćäîé
 []


Overfull \hbox (1.54887pt too wide) in paragraph at lines 2--3
\T2A/cmr/m/n/9 ăëŕâĺ ĺńňü ńĺęöč˙ ń çŕäŕ÷ŕěč íŕ ýňó ňĺěó. Çŕäŕ÷č đŕçäĺëĺííűĺ
 []

<././images//am_nyam_joseph_jostar.jpg, id=73, 1284.8pt x 1284.8pt>
File: ././images//am_nyam_joseph_jostar.jpg Graphic file (type jpg)
<use ././images//am_nyam_joseph_jostar.jpg>
Package pdftex.def Info: ././images//am_nyam_joseph_jostar.jpg  used on input l
ine 7.
(pdftex.def)             Requested size: 153.64488pt x 153.64003pt.
) [2 <././images//am_nyam_joseph_jostar.jpg>] (./main.toc
LaTeX Font Info:    Trying to load font information for U+msa on input line 3.

(/usr/share/texmf-dist/tex/latex/amsfonts/umsa.fd
File: umsa.fd 2013/01/14 v3.01 AMS symbols A
)
LaTeX Font Info:    Trying to load font information for U+msb on input line 3.

(/usr/share/texmf-dist/tex/latex/amsfonts/umsb.fd
File: umsb.fd 2013/01/14 v3.01 AMS symbols B
))
\tf@toc=\write6
\openout6 = `main.toc'.


Underfull \vbox (badness 10000) has occurred while \output is active []


pdfTeX warning (ext4): destination with the same identifier (name{page.1}) has 
been already used, duplicate ignored
<to be read again> 
                   \relax 
l.13 
      [1] (./sections/counting_angles.tex
Overfull \hbox (35.26657pt too wide) in paragraph at lines 1--2
\T2A/cmr/m/n/10 Ýňî ńŕěîĺ áŕçîâîĺ, ÷ňî ěîćíî ńäĺëŕňü ÷ňîáű äîęŕçŕňü ďĺđďĺíäčęóë
˙đíîńňü:
 []

\openout3 = `asy/main-2.asy'.

(./asy/main-2.tex
<asy/main-2_0.pdf, id=104, 170.7178pt x 129.08226pt>
File: asy/main-2_0.pdf Graphic file (type pdf)
<use asy/main-2_0.pdf>
Package pdftex.def Info: asy/main-2_0.pdf  used on input line 9.
(pdftex.def)             Requested size: 170.71738pt x 129.08192pt.
))
Overfull \hbox (3.88535pt too wide) in paragraph at lines 20--21
\T2A/cmr/m/n/10 Áűëî ň˙ćĺëî ďîäîáđŕňü çŕäŕ÷č, â ęîňîđűő čńęëţ÷čňĺëüíî ňđĺáóĺňń˙

 []


Overfull \hbox (17.49313pt too wide) in paragraph at lines 20--21
\T2A/cmr/m/n/10 â öĺëîě őîđîřî äĺëŕţňń˙ ń÷ĺňîě óăëîâ, ŕ íĺ ňîëüęî íŕ îđňîăîíŕëü
íîńňü. 
 []

(./tasks/counting_angles.tex
Overfull \hbox (5.85373pt too wide) in paragraph at lines 2--3
[]\T2A/cmr/m/n/10 Čç îńíîâŕíč˙ $\OML/cmm/m/it/10 D$ \T2A/cmr/m/n/10 âűńîňű $\OM
L/cmm/m/it/10 AD$ \T2A/cmr/m/n/10 îńňđîóăîëüíîăî ňđĺóăîëüíčęŕ $\OML/cmm/m/it/10
 ABC$
 []


Overfull \hbox (28.18999pt too wide) in paragraph at lines 4--5
[]\T2A/cmr/m/n/10 Ęŕńŕňĺëüíűĺ ę îďčńŕííîé îęđóćíîńňč îńňđîóăîëüíîăî ňđĺóăîëüíčę
ŕ
 []


Overfull \hbox (6.47174pt too wide) in paragraph at lines 6--7
[]\T2A/cmr/m/n/10 Â ňđĺóăîëüíčęĺ $\OML/cmm/m/it/10 ABC$ \T2A/cmr/m/n/10 ňî÷ęč $
\OML/cmm/m/it/10 B[]; C[]$ \T2A/cmr/m/n/10 -- îńíîâŕíč˙ âűńîň čç âĺđřčí
 []


Overfull \hbox (22.98477pt too wide) in paragraph at lines 8--9
[]\T2A/cmr/m/n/10 Íŕ ăčďîňĺíóçĺ $\OML/cmm/m/it/10 AC$ \T2A/cmr/m/n/10 ďđ˙ěîóăîë
üíîăî ňđĺóăîëüíčęŕ $\OML/cmm/m/it/10 ABC$ \T2A/cmr/m/n/10 âî âíĺříţţ
 []


pdfTeX warning (ext4): destination with the same identifier (name{page.2}) has 
been already used, duplicate ignored
<to be read again> 
                   \relax 
l.9 
     [2 <./asy/main-2_0.pdf>]
Overfull \hbox (19.2777pt too wide) in paragraph at lines 10--11
\T2A/cmr/m/n/10 ďĺđďĺíäčęóë˙đîâ čç ňî÷ęč $\OML/cmm/m/it/10 X$ \T2A/cmr/m/n/10 í
ŕ ńňîđîíű $\OML/cmm/m/it/10 AC$ \T2A/cmr/m/n/10 č $\OML/cmm/m/it/10 BC$ \T2A/cm
r/m/n/10 ńîîňâĺňńňâĺííî.
 []

)
Underfull \hbox (badness 7685) in paragraph at lines 27--28
\T2A/cmr/m/n/10 -- ýňî ňî÷ęŕ ďĺđĺńĺ÷ĺíč˙ âűńîň
 []


Underfull \hbox (badness 10000) in paragraph at lines 29--30
\T2A/cmr/m/n/10 çĺëĺíîé ňî÷ęîé \T2A/cmr/m/it/10 (ďđîńňî ˙ ňŕę
 []


Underfull \hbox (badness 10000) in paragraph at lines 29--30
\T2A/cmr/m/it/10 đĺřčë)\T2A/cmr/m/n/10 , ŕ öĺíňđ îďčńŕííîé
 []


Underfull \hbox (badness 1728) in paragraph at lines 29--30
\T2A/cmr/m/n/10 îęđóćíîńňč âűęîëîňîé \T2A/cmr/m/it/10 (ňŕę óćĺ
 []

\openout3 = `asy/main-3.asy'.

(./asy/main-3.tex
<asy/main-3_0.pdf, id=120, 116.65582pt x 70.16212pt>
File: asy/main-3_0.pdf Graphic file (type pdf)
<use asy/main-3_0.pdf>
Package pdftex.def Info: asy/main-3_0.pdf  used on input line 9.
(pdftex.def)             Requested size: 116.65553pt x 70.16194pt.
)
Overfull \hbox (4.44334pt too wide) in paragraph at lines 25--45
$[]$   $[]$ 
 []

(./sections/symmetry_orthocenter.tex
Overfull \hbox (4.30412pt too wide) in paragraph at lines 1--2
\T2A/cmr/m/n/10 Îđňîöĺíňđ ňŕęŕ˙ îńîáĺííŕ˙ ňî÷ęŕ: ńčěěĺňđčč ĺăî îňíîńčňĺëüíî ÷ĺă
î-
 []


Underfull \hbox (badness 10000) in paragraph at lines 6--7
[][]\T2A/cmr/bx/n/10 Ňĺîđĺěŕ 2.1. []\T2A/cmr/m/it/10 Ĺńëč îňđŕçčňü
 []


Underfull \hbox (badness 10000) in paragraph at lines 6--7
\T2A/cmr/m/it/10 ňî îí ďîďŕäĺň íŕ îďčńŕííóţ
 []

\openout3 = `asy/main-4.asy'.

(./asy/main-4.tex
<asy/main-4_0.pdf, id=121, 116.5153pt x 116.65582pt>
File: asy/main-4_0.pdf Graphic file (type pdf)
<use asy/main-4_0.pdf>
Package pdftex.def Info: asy/main-4_0.pdf  used on input line 9.
(pdftex.def)             Requested size: 116.515pt x 116.65553pt.
)
Underfull \hbox (badness 10000) in paragraph at lines 30--31
[][]\T2A/cmr/bx/n/10 Ňĺîđĺěŕ 2.2. []\T2A/cmr/m/it/10 Ĺńëč îňđŕçčňü
 []


Underfull \hbox (badness 10000) in paragraph at lines 30--31
\T2A/cmr/m/it/10 ńňîđîíű, ňî îí ďîďŕäĺň íŕ
 []

\openout3 = `asy/main-5.asy'.

(./asy/main-5.tex
<asy/main-5_0.pdf, id=122, 116.65582pt x 116.64578pt>
File: asy/main-5_0.pdf Graphic file (type pdf)
<use asy/main-5_0.pdf>
Package pdftex.def Info: asy/main-5_0.pdf  used on input line 9.
(pdftex.def)             Requested size: 116.65553pt x 116.64548pt.
)
\openout3 = `asy/main-6.asy'.

 (./asy/main-6.tex
<asy/main-6_0.pdf, id=124, 116.65582pt x 116.64578pt>
File: asy/main-6_0.pdf Graphic file (type pdf)
<use asy/main-6_0.pdf>
Package pdftex.def Info: asy/main-6_0.pdf  used on input line 9.
(pdftex.def)             Requested size: 116.65553pt x 116.64548pt.
)
Underfull \hbox (badness 10000) in paragraph at lines 81--82
[][]\T2A/cmr/bx/n/10 Ńâîéńňâî 2.2.2. []\T2A/cmr/m/it/10 Đŕńńňî˙íčĺ
 []


Underfull \hbox (badness 10000) in paragraph at lines 81--82
\T2A/cmr/m/it/10 îň âĺđřčíű ňđĺóăîëüíčęŕ äî
 []


Underfull \hbox (badness 10000) in paragraph at lines 81--82
\T2A/cmr/m/it/10 îđňîöĺíňđŕ â $\OT1/cmr/m/n/10 2$ \T2A/cmr/m/it/10 đŕçŕ áîëüřĺ
 []


Underfull \hbox (badness 1917) in paragraph at lines 81--82
\T2A/cmr/m/it/10 đŕńńňî˙íč˙ îň öĺíňđŕ îďčńŕííîé
 []


Underfull \hbox (badness 4792) in paragraph at lines 81--82
\T2A/cmr/m/it/10 îęđóćíîńňč äî ďđîňčâîëĺćŕůĺé
 []

\openout3 = `asy/main-7.asy'.

(./asy/main-7.tex
<asy/main-7_0.pdf, id=125, 116.65582pt x 116.65582pt>
File: asy/main-7_0.pdf Graphic file (type pdf)
<use asy/main-7_0.pdf>
Package pdftex.def Info: asy/main-7_0.pdf  used on input line 9.
(pdftex.def)             Requested size: 116.65553pt x 116.65553pt.
)
Underfull \hbox (badness 3219) in paragraph at lines 108--109
[][]\T2A/cmr/bx/n/10 Ëĺěěŕ 2.3. []$\OT1/cmr/m/n/10 (\OML/cmm/m/it/10 ABC\OT1/cm
r/m/n/10 ) = (\OML/cmm/m/it/10 ABH\OT1/cmr/m/n/10 )$\T2A/cmr/m/it/10 ,
 []

\openout3 = `asy/main-8.asy'.

(./asy/main-8.tex
<asy/main-8_0.pdf, id=126, 116.65582pt x 76.55602pt>
File: asy/main-8_0.pdf Graphic file (type pdf)
<use asy/main-8_0.pdf>
Package pdftex.def Info: asy/main-8_0.pdf  used on input line 9.
(pdftex.def)             Requested size: 116.65553pt x 76.55582pt.
))
Overfull \hbox (4.44334pt too wide) in paragraph at lines 3--48
$[]$   $[]$
 []


Overfull \hbox (4.44334pt too wide) in paragraph at lines 3--48
[]$   $[]$
 []


Overfull \hbox (4.44334pt too wide) in paragraph at lines 3--48
[]$   $[]$
 []


Overfull \hbox (4.44334pt too wide) in paragraph at lines 3--48
[]$   $[]$
 []


Overfull \hbox (4.44334pt too wide) in paragraph at lines 3--48
[]$   $[]$
 []


Underfull \hbox (badness 10000) in paragraph at lines 3--48

 []


Underfull \vbox (badness 2495) has occurred while \output is active []

 [3 <./asy/main-3_0.pdf>]
Underfull \vbox (badness 10000) has occurred while \output is active []

 [4 <./asy/main-4_0.pdf> <./asy/main-5_0.pdf> <./asy/main-6_0.pdf>]
(./sections/other_orthocenter.tex
Underfull \hbox (badness 10000) in paragraph at lines 3--4
[][]\T2A/cmr/bx/n/10 Îďĺđĺäĺëĺíčĺ 2.2. []\T2A/cmr/m/n/10 Ňî÷ęč
 []


Underfull \hbox (badness 10000) in paragraph at lines 3--4
\OML/cmm/m/it/10 P; Q$ \T2A/cmr/m/n/10 íŕçűâŕţňń˙ čçîăîíŕëüíî
 []


Underfull \hbox (badness 10000) in paragraph at lines 3--4
\T2A/cmr/m/n/10 ńîďđ˙ćĺííűěč, ĺńëč $\U/msa/m/n/10 \\OML/cmm/m/it/10 PAB \OT1/cm
r/m/n/10 =
 []


Underfull \hbox (badness 10000) in paragraph at lines 3--4
\U/msa/m/n/10 \\OML/cmm/m/it/10 QAC$\T2A/cmr/m/n/10 , $\U/msa/m/n/10 \\OML/cmm/
m/it/10 PBC \OT1/cmr/m/n/10 = \U/msa/m/n/10 \\OML/cmm/m/it/10 QBA$\T2A/cmr/m/n/
10 ,
 []

\openout3 = `asy/main-9.asy'.

(./asy/main-9.tex
<asy/main-9_0.pdf, id=152, 116.65582pt x 77.02777pt>
File: asy/main-9_0.pdf Graphic file (type pdf)
<use asy/main-9_0.pdf>
Package pdftex.def Info: asy/main-9_0.pdf  used on input line 9.
(pdftex.def)             Requested size: 116.65553pt x 77.02757pt.
)
Underfull \hbox (badness 10000) in paragraph at lines 35--36
[][]\T2A/cmr/bx/n/10 Ńâîéńňâî 2.4.1. []\T2A/cmr/m/it/10 Đŕäčóńű
 []


Underfull \hbox (badness 10000) in paragraph at lines 35--36
\T2A/cmr/m/it/10 îďčńŕííîé îęđóćíîńňč,
 []


Underfull \hbox (badness 10000) in paragraph at lines 35--36
\T2A/cmr/m/it/10 ďđîâĺäĽííűĺ ę âĺđřčíŕě
 []


Underfull \hbox (badness 10000) in paragraph at lines 35--36
\T2A/cmr/m/it/10 ňđĺóăîëüíčęŕ, ďĺđďĺíäčęóë˙đíű
 []


Underfull \hbox (badness 10000) in paragraph at lines 35--36
\T2A/cmr/m/it/10 ńîîňâĺňńňâóţůčě ńňîđîíŕě
 []

\openout3 = `asy/main-10.asy'.

(./asy/main-10.tex
<asy/main-10_0.pdf, id=153, 116.65582pt x 83.32129pt>
File: asy/main-10_0.pdf Graphic file (type pdf)
<use asy/main-10_0.pdf>
Package pdftex.def Info: asy/main-10_0.pdf  used on input line 9.
(pdftex.def)             Requested size: 116.65553pt x 83.32108pt.
)
Underfull \hbox (badness 10000) in paragraph at lines 59--60
[][]\T2A/cmr/bx/n/10 Ëĺěěŕ 2.5. []\T2A/cmr/m/it/10 Ńóěěŕ ęâŕäđŕňîâ
 []


Underfull \hbox (badness 10000) in paragraph at lines 59--60
\T2A/cmr/m/it/10 đŕńńňî˙íč˙ îň âĺđřčíű
 []


Underfull \hbox (badness 10000) in paragraph at lines 59--60
\T2A/cmr/m/it/10 ňđĺóăîëüíčęŕ äî îđňîöĺíňđŕ č
 []


Underfull \hbox (badness 2735) in paragraph at lines 59--60
\T2A/cmr/m/it/10 äëčíű ńňîđîíű, ďđîňčâîëĺćŕůĺé
 []


Underfull \hbox (badness 10000) in paragraph at lines 59--60
\T2A/cmr/m/it/10 ýňîé âĺđřčíĺ, đŕâíŕ ęâŕäđŕňó
 []

\openout3 = `asy/main-11.asy'.

(./asy/main-11.tex
<asy/main-11_0.pdf, id=154, 116.65582pt x 76.8973pt>
File: asy/main-11_0.pdf Graphic file (type pdf)
<use asy/main-11_0.pdf>
Package pdftex.def Info: asy/main-11_0.pdf  used on input line 9.
(pdftex.def)             Requested size: 116.65553pt x 76.8971pt.
)
Underfull \hbox (badness 10000) in paragraph at lines 81--82
[][]\T2A/cmr/bx/n/10 Îďĺđĺäĺëĺíčĺ 2.3.
 []


Underfull \hbox (badness 10000) in paragraph at lines 81--82
\T2A/cmr/m/n/10 âĺđřčíű ęîňîđîăî ˙âë˙ţňń˙
 []


Underfull \hbox (badness 10000) in paragraph at lines 81--82
\T2A/cmr/m/n/10 îńíîâŕíč˙ěč âűńîň čńőîäíîăî
 []

\openout3 = `asy/main-12.asy'.

(./asy/main-12.tex
<asy/main-12_0.pdf, id=155, 116.65582pt x 76.12439pt>
File: asy/main-12_0.pdf Graphic file (type pdf)
<use asy/main-12_0.pdf>
Package pdftex.def Info: asy/main-12_0.pdf  used on input line 9.
(pdftex.def)             Requested size: 116.65553pt x 76.12419pt.
)
Underfull \hbox (badness 1158) in paragraph at lines 119--120
[][]\T2A/cmr/bx/n/10 Ëĺěěŕ 2.7. []\T2A/cmr/m/it/10 Ĺńëč $\OML/cmm/m/it/10 AA[]$
 \T2A/cmr/m/it/10 č $\OML/cmm/m/it/10 BB[]$ \T2A/cmr/m/it/10 --
 []

\openout3 = `asy/main-13.asy'.

(./asy/main-13.tex
<asy/main-13_0.pdf, id=156, 116.65582pt x 80.7818pt>
File: asy/main-13_0.pdf Graphic file (type pdf)
<use asy/main-13_0.pdf>
Package pdftex.def Info: asy/main-13_0.pdf  used on input line 9.
(pdftex.def)             Requested size: 116.65553pt x 80.78159pt.
))
Overfull \hbox (4.44334pt too wide) in paragraph at lines 1--51
$[]$   $[]$
 []


Overfull \hbox (4.44334pt too wide) in paragraph at lines 1--51
[]$   $[]$
 []


Overfull \hbox (4.44334pt too wide) in paragraph at lines 1--51
[]$   $[]$
 []


Overfull \hbox (4.44334pt too wide) in paragraph at lines 1--51
[]$   $[]$
 []


Overfull \hbox (4.44334pt too wide) in paragraph at lines 1--51
[]$   $[]$
 []


Underfull \hbox (badness 10000) in paragraph at lines 1--51

 []


Underfull \vbox (badness 4569) has occurred while \output is active []

 [5 <./asy/main-7_0.pdf> <./asy/main-8_0.pdf> <./asy/main-9_0.pdf> <./asy/main-
10_0.pdf>]
(./sections/euler_circle.tex
Underfull \vbox (badness 10000) has occurred while \output is active []

 [6 <./asy/main-11_0.pdf> <./asy/main-12_0.pdf> <./asy/main-13_0.pdf>]
\openout3 = `asy/main-14.asy'.

 (./asy/main-14.tex
<asy/main-14_0.pdf, id=194, 199.1741pt x 125.01706pt>
File: asy/main-14_0.pdf Graphic file (type pdf)
<use asy/main-14_0.pdf>
Package pdftex.def Info: asy/main-14_0.pdf  used on input line 9.
(pdftex.def)             Requested size: 199.17361pt x 125.01674pt.
)) (./tasks/orthocenter.tex
Overfull \hbox (29.43968pt too wide) in paragraph at lines 2--3
[]\T2A/cmr/m/n/10 Äîęŕćčňĺ âńĺ ńâîéńňâŕ îđňîöĺíňđŕ äë˙ ňóďîóăîëüíîăî ňđĺóăîëüíč
ęŕ. 
 []


Overfull \hbox (38.59692pt too wide) in paragraph at lines 6--7
[]\T2A/cmr/m/it/10 (Ěóíčöčďŕëüíű ýňŕď ÂŃÎŘ (Ěîńęâŕ), $\OT1/cmr/m/n/10 2020$\T2A
/cmr/m/it/10 , $\OT1/cmr/m/n/10 9\OML/cmm/m/it/10 :\OT1/cmr/m/n/10 4$\T2A/cmr/m
/it/10 ) \T2A/cmr/m/n/10 Íŕ ďîëóîęđóćíîńňč
 []

)
Overfull \hbox (2.71046pt too wide) in paragraph at lines 59--60
[][] 
 []

(./tasks/euler_circle.tex
Overfull \hbox (2.00423pt too wide) in paragraph at lines 4--5
[]\T2A/cmr/m/it/10 (Âűńřŕ˙ ďđîáŕ, $\OT1/cmr/m/n/10 2013$\T2A/cmr/m/it/10 , $\OT
1/cmr/m/n/10 9\OML/cmm/m/it/10 :\OT1/cmr/m/n/10 5$\T2A/cmr/m/it/10 ) \T2A/cmr/m
/n/10 Â îńňđîóăîëüíîě ňđĺóăîëüíčęĺ $\OML/cmm/m/it/10 ABC$
 []

[7 <./asy/main-14_0.pdf>]) (./sections/simson_line.tex)
(./sections/lemma255.tex) (./tasks/simson_line.tex
Overfull \hbox (1.92899pt too wide) in paragraph at lines 4--5
[]\T2A/cmr/m/it/10 (ÎáîáůĽííŕ˙ ďđ˙ěŕ˙ Ńčěńîíŕ) \T2A/cmr/m/n/10 Čç ňî÷ęč íŕ îďčń
ŕííîé î-ęđóć-
 []


Overfull \hbox (5.00232pt too wide) in paragraph at lines 4--5
\T2A/cmr/m/n/10 íî-ńňč îďóńęŕţňń˙ îňđĺçęč, ęîňîđűĺ äŕţň đŕâíűĺ íŕďđŕâëĺííűĺ
 []


Overfull \hbox (10.31197pt too wide) in paragraph at lines 6--7
\T2A/cmr/m/n/10 ďĺđďĺíäčęóë˙đîâ îďóůĺííűő čç ňî÷ęč $\OML/cmm/m/it/10 P$\T2A/cmr
/m/n/10 , ëĺćŕůĺé íŕ îďčńŕííîé
 []


Overfull \hbox (14.1562pt too wide) in paragraph at lines 6--7
\T2A/cmr/m/n/10 îęđóćíîńňč ňđĺóăîëüíčęŕ $\OML/cmm/m/it/10 ABC$\T2A/cmr/m/n/10 .
 Äîęŕćčňĺ, ÷ňî ńĺđĺäčíŕ îňđĺçęŕ
 []

)
Overfull \hbox (15.0pt too wide) in paragraph at lines 77--78
[][] 
 []

(./tasks/lemma255.tex) (./sections/diagonals.tex) (./tasks/diagonals.tex
Overfull \hbox (38.59692pt too wide) in paragraph at lines 2--3
[]\T2A/cmr/m/it/10 (Ěóíčöčďŕëüíű ýňŕď ÂŃÎŘ (Ěîńęâŕ), $\OT1/cmr/m/n/10 2020$\T2A
/cmr/m/it/10 , $\OT1/cmr/m/n/10 9\OML/cmm/m/it/10 :\OT1/cmr/m/n/10 4$\T2A/cmr/m
/it/10 ) \T2A/cmr/m/n/10 Íŕ ďîëóîęđóćíîńňč
 []


Underfull \vbox (badness 2245) has occurred while \output is active []

 [8]
Overfull \hbox (7.56395pt too wide) in paragraph at lines 4--5
[]\T2A/cmr/m/it/10 (Baltic Way, $\OT1/cmr/m/n/10 2019$\T2A/cmr/m/it/10 , prob-l
em $\OT1/cmr/m/n/10 13$\T2A/cmr/m/it/10 ) \T2A/cmr/m/n/10 Let $\OML/cmm/m/it/10
 ABCDEF$ \T2A/cmr/m/n/10 be a con-vex hexagon
 []

) [9] (./main.aux)
Package rerunfilecheck Info: File `main.out' has not changed.
(rerunfilecheck)             Checksum: E8E6D2D1598D78CEBCD7B5534D5356AE;2434.
 ) 
Here is how much of TeX's memory you used:
 13780 strings out of 477985
 213717 string characters out of 5840057
 1859388 words of memory out of 5000000
 33562 multiletter control sequences out of 15000+600000
 528812 words of font info for 71 fonts, out of 8000000 for 9000
 14 hyphenation exceptions out of 8191
 90i,12n,90p,1177b,551s stack positions out of 10000i,1000n,20000p,200000b,200000s
</usr/share/texmf-dist/fonts/type1/public/amsfonts/cm/cmmi10.pfb></usr/share/
texmf-dist/fonts/type1/public/amsfonts/cm/cmmi12.pfb></usr/share/texmf-dist/fon
ts/type1/public/amsfonts/cm/cmr10.pfb></usr/share/texmf-dist/fonts/type1/public
/amsfonts/cm/cmr7.pfb></usr/share/texmf-dist/fonts/type1/public/amsfonts/cm/cmr
8.pfb></usr/share/texmf-dist/fonts/type1/public/amsfonts/cm/cmsy10.pfb></usr/sh
are/texmf-dist/fonts/type1/public/amsfonts/cm/cmsy7.pfb></usr/share/texmf-dist/
fonts/type1/public/amsfonts/symbols/msam10.pfb></usr/share/texmf-dist/fonts/typ
e1/public/cm-super/sfbi1000.pfb></usr/share/texmf-dist/fonts/type1/public/cm-su
per/sfbx0900.pfb></usr/share/texmf-dist/fonts/type1/public/cm-super/sfbx1000.pf
b></usr/share/texmf-dist/fonts/type1/public/cm-super/sfbx1200.pfb></usr/share/t
exmf-dist/fonts/type1/public/cm-super/sfbx1440.pfb></usr/share/texmf-dist/fonts
/type1/public/cm-super/sfbx1728.pfb></usr/share/texmf-dist/fonts/type1/public/c
m-super/sfrm0900.pfb></usr/share/texmf-dist/fonts/type1/public/cm-super/sfrm100
0.pfb></usr/share/texmf-dist/fonts/type1/public/cm-super/sfrm1200.pfb></usr/sha
re/texmf-dist/fonts/type1/public/cm-super/sfrm1440.pfb></usr/share/texmf-dist/f
onts/type1/public/cm-super/sfti1000.pfb></usr/share/texmf-dist/fonts/type1/publ
ic/cm-super/sftt1200.pfb>
Output written on main.pdf (11 pages, 455517 bytes).
PDF statistics:
 321 PDF objects out of 1000 (max. 8388607)
 250 compressed objects within 3 object streams
 59 named destinations out of 1000 (max. 500000)
 188 words of extra memory for PDF output out of 10000 (max. 10000000)

